0 info it worked if it ends with ok
1 verbose cli [ '/usr/bin/nodejs', '/usr/bin/npm', 'start' ]
2 info using npm@3.5.2
3 info using node@v4.2.6
4 verbose run-script [ 'prestart', 'start', 'poststart' ]
5 info lifecycle mTons@1.0.5~prestart: mTons@1.0.5
6 silly lifecycle mTons@1.0.5~prestart: no script for prestart, continuing
7 info lifecycle mTons@1.0.5~start: mTons@1.0.5
8 verbose lifecycle mTons@1.0.5~start: unsafe-perm in lifecycle true
9 verbose lifecycle mTons@1.0.5~start: PATH: /usr/share/npm/bin/node-gyp-bin:/home/matheus/Área de Trabalho/app/mTons.v1.0.6/node_modules/.bin:/home/matheus/bin:/home/matheus/.local/bin:/opt/java/bin:/home/matheus/bin:/home/matheus/.local/bin:/opt/java/bin:/home/matheus/bin:/home/matheus/.local/bin:/opt/java/bin:/usr/local/sbin:/usr/local/bin:/usr/sbin:/usr/bin:/sbin:/bin:/usr/games:/usr/local/games
10 verbose lifecycle mTons@1.0.5~start: CWD: /home/matheus/Área de Trabalho/app/mTons.v1.0.6
11 silly lifecycle mTons@1.0.5~start: Args: [ '-c', 'electron .' ]
12 silly lifecycle mTons@1.0.5~start: Returned: code: 1  signal: null
13 info lifecycle mTons@1.0.5~start: Failed to exec start script
14 verbose stack Error: mTons@1.0.5 start: `electron .`
14 verbose stack Exit status 1
14 verbose stack     at EventEmitter.<anonymous> (/usr/share/npm/lib/utils/lifecycle.js:232:16)
14 verbose stack     at emitTwo (events.js:87:13)
14 verbose stack     at EventEmitter.emit (events.js:172:7)
14 verbose stack     at ChildProcess.<anonymous> (/usr/share/npm/lib/utils/spawn.js:24:14)
14 verbose stack     at emitTwo (events.js:87:13)
14 verbose stack     at ChildProcess.emit (events.js:172:7)
14 verbose stack     at maybeClose (internal/child_process.js:821:16)
14 verbose stack     at Process.ChildProcess._handle.onexit (internal/child_process.js:211:5)
15 verbose pkgid mTons@1.0.5
16 verbose cwd /home/matheus/Área de Trabalho/app/mTons.v1.0.6
17 error Linux 4.8.0-53-generic
18 error argv "/usr/bin/nodejs" "/usr/bin/npm" "start"
19 error node v4.2.6
20 error npm  v3.5.2
21 error code ELIFECYCLE
22 error mTons@1.0.5 start: `electron .`
22 error Exit status 1
23 error Failed at the mTons@1.0.5 start script 'electron .'.
23 error Make sure you have the latest version of node.js and npm installed.
23 error If you do, this is most likely a problem with the mTons package,
23 error not with npm itself.
23 error Tell the author that this fails on your system:
23 error     electron .
23 error You can get information on how to open an issue for this project with:
23 error     npm bugs mTons
23 error Or if that isn't available, you can get their info via:
23 error     npm owner ls mTons
23 error There is likely additional logging output above.
24 verbose exit [ 1, true ]
